[2016-07-01 21:11:18] queryrecord.INFO: query: all; sql:  select login,password,email from user where userId<50  order by password  limit 10,20 [] []
[2016-07-01 21:11:18] queryrecord.INFO: query: all; sql:  select *  from user where userId<50  order by password  limit 10,20 [] []
[2016-07-01 21:11:18] queryrecord.INFO: query: all; sql:  select *  from user where userId<50  order by password  limit 10,20 [] []
[2016-07-02 11:31:13] queryrecord.INFO: query: one; sql:  select truename from user where  where userId = 1    [] []
[2016-07-02 11:33:04] queryrecord.INFO: query: one; sql:  select truename from user where  where userId = 1    [] []
[2016-07-02 11:35:23] queryrecord.INFO: query: one; sql:  select truename from user where userId = 1    [] []
[2016-07-02 11:37:17] queryrecord.INFO: query: one; sql:  select truename from user where userId = 1    [] []
[2016-07-02 11:37:54] queryrecord.INFO: query: one; sql:  select truename from user where userId = 1    [] []
[2016-07-02 11:38:19] queryrecord.INFO: query: one; sql:  select truename from user where userId = 1    [] []
[2016-07-02 11:39:03] queryrecord.INFO: query: one; sql:  select truename from user where userId = 1    [] []
[2016-07-02 11:39:21] queryrecord.INFO: query: one; sql:  select truename from user where userId = 1    [] []
[2016-07-02 11:44:28] queryrecord.INFO: query: one; sql:  select truename from user where userId = 1    [] []
[2016-07-02 11:44:42] queryrecord.INFO: query: one; sql:  select truename from user where userId = 1    [] []
[2016-07-02 11:44:42] queryrecord.INFO: query: map; sql:  select `login`,`password` from user where userId<10    [] []
[2016-07-02 11:49:37] queryrecord.INFO: query: all; sql:  select userId,login,password,email from  where userId<50  order by password  limit 10,20 [] []
[2016-07-02 11:49:59] queryrecord.INFO: query: all; sql:  select userId,login,password,email from user where userId<50  order by password  limit 10,20 [] []
[2016-07-02 11:50:51] queryrecord.INFO: query: all; sql:  select userId,login,password,email from user where userId<50  order by password,userId desc  limit 10,20 [] []
[2016-07-02 11:52:06] queryrecord.INFO: query: one; sql:  select truename from user where userId = 1    [] []
[2016-07-02 11:52:06] queryrecord.INFO: query: map; sql:  select `login`,`password` from user where userId<10    [] []
[2016-07-02 11:52:06] queryrecord.INFO: query: all; sql:  select userId,login,password,email from user where userId<50  order by password,userId desc  limit 10,20 [] []
[2016-07-02 11:56:54] queryrecord.INFO: query: one; sql:  select truename from user where userId = 1    [] []
[2016-07-02 11:56:54] queryrecord.INFO: query: map; sql:  select `login`,`password` from user where userId<10    [] []
[2016-07-02 11:56:54] queryrecord.INFO: query: all; sql:  select userId,login,password,email from user where userId<50  order by password,userId desc  limit 10,20 [] []
[2016-07-02 11:59:28] queryrecord.INFO: query: one; sql:  select truename from user where userId = 1    [] []
[2016-07-02 11:59:28] queryrecord.INFO: query: map; sql:  select `login`,`password` from user where userId<10    [] []
[2016-07-02 11:59:28] queryrecord.INFO: query: all; sql:  select userId,login,password,email from user where userId<50  order by password,userId desc  limit 10,20 [] []
[2016-07-02 12:00:42] queryrecord.INFO: query: one; sql:  select truename from user where userId = 1    [] []
[2016-07-02 12:00:42] queryrecord.INFO: query: map; sql:  select `login`,`password` from user where userId<10    [] []
[2016-07-02 12:00:42] queryrecord.INFO: query: all; sql:  select userId,login,password,email from user where userId<50  order by password,userId desc  limit 10,20 [] []
[2016-07-02 12:00:42] queryrecord.INFO: query: row; sql:  select * from user    [] []
[2016-07-02 12:02:23] queryrecord.INFO: query: one; sql:  select truename from user where userId = 1    [] []
[2016-07-02 12:02:23] queryrecord.INFO: query: map; sql:  select `login`,`password` from user where userId<10    [] []
[2016-07-02 12:02:23] queryrecord.INFO: query: all; sql:  select userId,login,password,email from user where userId<50  order by password,userId desc  limit 10,20 [] []
[2016-07-02 12:02:23] queryrecord.INFO: query: row; sql:  select * from user    [] []
[2016-07-02 12:02:23] queryrecord.INFO: query: col; sql:  select login from user    [] []
[2016-07-02 12:03:00] queryrecord.INFO: query: one; sql:  select truename from user where userId = 1    [] []
[2016-07-02 12:03:00] queryrecord.INFO: query: map; sql:  select `login`,`password` from user where userId<10    [] []
[2016-07-02 12:03:00] queryrecord.INFO: query: all; sql:  select userId,login,password,email from user where userId<50  order by password,userId desc  limit 10,20 [] []
[2016-07-02 12:03:00] queryrecord.INFO: query: row; sql:  select * from user    [] []
[2016-07-02 12:03:00] queryrecord.INFO: query: col; sql:  select login from user    [] []
[2016-07-02 12:04:44] queryrecord.INFO: query: one; sql:  select truename from user where userId = 1    [] []
[2016-07-02 12:04:44] queryrecord.INFO: query: map; sql:  select `login`,`password` from user where userId<10    [] []
[2016-07-02 12:04:44] queryrecord.INFO: query: all; sql:  select userId,login,password,email from user where userId<50  order by password,userId desc  limit 10,20 [] []
[2016-07-02 12:04:44] queryrecord.INFO: query: row; sql:  select * from user    [] []
[2016-07-02 12:04:44] queryrecord.INFO: query: col; sql:  select login from user    [] []
[2016-07-02 12:05:46] queryrecord.INFO: query: one; sql:  select truename from user where userId = 1    [] []
[2016-07-02 12:05:46] queryrecord.INFO: query: map; sql:  select `login`,`password` from user where userId<10    [] []
[2016-07-02 12:05:46] queryrecord.INFO: query: all; sql:  select userId,login,password,email from user where userId<50  order by password,userId desc  limit 10,20 [] []
[2016-07-02 12:05:46] queryrecord.INFO: query: row; sql:  select * from user    [] []
[2016-07-02 12:05:46] queryrecord.INFO: query: col; sql:  select login from user    [] []
[2016-07-02 14:57:09] queryrecord.INFO: query: all; sql:  select userId,login,password,email from user where userId<50  order by password,userId desc  limit 10,20 [] []
[2016-07-02 14:57:10] queryrecord.INFO: query: all; sql:  select login,password,email from user where userId<50  order by password  limit 10,20 [] []
[2016-07-02 14:57:10] queryrecord.INFO: query: all; sql:  select login,password,email from user where userId<50  order by password  limit 10,20 [] []
[2016-07-02 14:57:10] queryrecord.INFO: query: all; sql:  select *  from user where userId<50  order by password  limit 10,20 [] []
[2016-07-02 14:57:10] queryrecord.INFO: query: all; sql:  select *  from user where userId<50  order by password  limit 10,20 [] []
[2016-07-02 14:57:10] queryrecord.INFO: query: all; sql:  select *  from user where userId<50  order by password  limit 10,20 [] []
